<?xml version="1.0" encoding="UTF-8"?>
<testng-results ignored="0" total="1" passed="1" failed="0" skipped="0">
  <reporter-output>
  </reporter-output>
  <suite started-at="2023-09-22T18:21:52 EET" name="Default suite" finished-at="2023-09-22T18:22:18 EET" duration-ms="26469">
    <groups>
    </groups>
    <test started-at="2023-09-22T18:21:52 EET" name="Default test" finished-at="2023-09-22T18:22:18 EET" duration-ms="26469">
      <class name="selenium_lab1.lab1">
        <test-method is-config="true" signature="myBeforeTest()[pri:0, instance:selenium_lab1.lab1@497570fb]" started-at="2023-09-22T18:21:52 EET" name="myBeforeTest" finished-at="2023-09-22T18:22:09 EET" duration-ms="16931" status="PASS">
          <reporter-output>
          </reporter-output>
        </test-method> <!-- myBeforeTest -->
        <test-method signature="myTest()[pri:0, instance:selenium_lab1.lab1@497570fb]" started-at="2023-09-22T18:22:09 EET" name="myTest" finished-at="2023-09-22T18:22:18 EET" duration-ms="9034" status="PASS">
          <reporter-output>
          </reporter-output>
        </test-method> <!-- myTest -->
        <test-method is-config="true" signature="myAfterTest()[pri:0, instance:selenium_lab1.lab1@497570fb]" started-at="2023-09-22T18:22:18 EET" name="myAfterTest" finished-at="2023-09-22T18:22:18 EET" duration-ms="453" status="PASS">
          <reporter-output>
          </reporter-output>
        </test-method> <!-- myAfterTest -->
      </class> <!-- selenium_lab1.lab1 -->
    </test> <!-- Default test -->
  </suite> <!-- Default suite -->
</testng-results>
